<?xml version="1.0" encoding="UTF-8"?>
<!-- Generated by org.testng.reporters.JUnitReportReporter -->
<testsuite hostname="Workstation-40" failures="0" tests="1" name="TestCases.AUT_CMWeb_DeleteRole" time="22.560" errors="0" timestamp="2021-01-07T10:04:59 SGT" skipped="0">
  <testcase classname="TestCases.AUT_CMWeb_DeleteRole" name="main" time="22.560"/>
  <system-out/>
</testsuite> <!-- TestCases.AUT_CMWeb_DeleteRole -->
